<?xml version="1.0" encoding="UTF-8"?>
<testsuite xmlns:xsi="http://www.w3.org/2001/XMLSchema-instance" xsi:noNamespaceSchemaLocation="https://maven.apache.org/surefire/maven-surefire-plugin/xsd/surefire-test-report.xsd" name="org.apache.storm.starter.tools.NthLastModifiedTimeTrackerTest" time="0.802" tests="39" errors="0" skipped="0" failures="0">
  <properties>
[...]
</properties>
  <testcase name="negativeOrZeroNumTimesToTrackShouldThrowIAE" classname="org.apache.storm.starter.tools.NthLastModifiedTimeTrackerTest" time="0"/>
  <testcase name="negativeOrZeroNumTimesToTrackShouldThrowIAE" classname="org.apache.storm.starter.tools.NthLastModifiedTimeTrackerTest" time="0"/>
  <testcase name="negativeOrZeroNumTimesToTrackShouldThrowIAE" classname="org.apache.storm.starter.tools.NthLastModifiedTimeTrackerTest" time="0"/>
  <testcase name="negativeOrZeroNumTimesToTrackShouldThrowIAE" classname="org.apache.storm.starter.tools.NthLastModifiedTimeTrackerTest" time="0"/>
  <testcase name="negativeOrZeroNumTimesToTrackShouldThrowIAE" classname="org.apache.storm.starter.tools.NthLastModifiedTimeTrackerTest" time="0"/>
  <testcase name="positiveNumTimesToTrackShouldBeOk" classname="org.apache.storm.starter.tools.NthLastModifiedTimeTrackerTest" time="0.696"/>
  <testcase name="positiveNumTimesToTrackShouldBeOk" classname="org.apache.storm.starter.tools.NthLastModifiedTimeTrackerTest" time="0.005"/>
  <testcase name="positiveNumTimesToTrackShouldBeOk" classname="org.apache.storm.starter.tools.NthLastModifiedTimeTrackerTest" time="0.001"/>
  <testcase name="positiveNumTimesToTrackShouldBeOk" classname="org.apache.storm.starter.tools.NthLastModifiedTimeTrackerTest" time="0"/>
  <testcase name="shouldReturnCorrectModifiedTimeEvenWhenNotYetMarkedAsModified" classname="org.apache.storm.starter.tools.NthLastModifiedTimeTrackerTest" time="0.013"/>
  <testcase name="shouldReturnCorrectModifiedTimeEvenWhenNotYetMarkedAsModified" classname="org.apache.storm.starter.tools.NthLastModifiedTimeTrackerTest" time="0.001"/>
  <testcase name="shouldReturnCorrectModifiedTimeEvenWhenNotYetMarkedAsModified" classname="org.apache.storm.starter.tools.NthLastModifiedTimeTrackerTest" time="0"/>
  <testcase name="shouldReturnCorrectModifiedTimeEvenWhenNotYetMarkedAsModified" classname="org.apache.storm.starter.tools.NthLastModifiedTimeTrackerTest" time="0"/>
  <testcase name="shouldReturnCorrectModifiedTimeEvenWhenNotYetMarkedAsModified" classname="org.apache.storm.starter.tools.NthLastModifiedTimeTrackerTest" time="0.001"/>
  <testcase name="shouldReturnCorrectModifiedTimeEvenWhenNotYetMarkedAsModified" classname="org.apache.storm.starter.tools.NthLastModifiedTimeTrackerTest" time="0"/>
  <testcase name="shouldReturnCorrectModifiedTimeEvenWhenNotYetMarkedAsModified" classname="org.apache.storm.starter.tools.NthLastModifiedTimeTrackerTest" time="0.001"/>
  <testcase name="shouldReturnCorrectModifiedTimeEvenWhenNotYetMarkedAsModified" classname="org.apache.storm.starter.tools.NthLastModifiedTimeTrackerTest" time="0"/>
  <testcase name="shouldReturnCorrectModifiedTimeWhenMarkedAsModified" classname="org.apache.storm.starter.tools.NthLastModifiedTimeTrackerTest" time="0.003"/>
  <testcase name="shouldReturnCorrectModifiedTimeWhenMarkedAsModified" classname="org.apache.storm.starter.tools.NthLastModifiedTimeTrackerTest" time="0"/>
  <testcase name="shouldReturnCorrectModifiedTimeWhenMarkedAsModified" classname="org.apache.storm.starter.tools.NthLastModifiedTimeTrackerTest" time="0"/>
  <testcase name="shouldReturnCorrectModifiedTimeWhenMarkedAsModified" classname="org.apache.storm.starter.tools.NthLastModifiedTimeTrackerTest" time="0"/>
  <testcase name="shouldReturnCorrectModifiedTimeWhenMarkedAsModified" classname="org.apache.storm.starter.tools.NthLastModifiedTimeTrackerTest" time="0.001"/>
  <testcase name="shouldReturnCorrectModifiedTimeWhenMarkedAsModified" classname="org.apache.storm.starter.tools.NthLastModifiedTimeTrackerTest" time="0"/>
  <testcase name="shouldReturnCorrectModifiedTimeWhenMarkedAsModified" classname="org.apache.storm.starter.tools.NthLastModifiedTimeTrackerTest" time="0"/>
  <testcase name="shouldReturnCorrectModifiedTimeWhenMarkedAsModified" classname="org.apache.storm.starter.tools.NthLastModifiedTimeTrackerTest" time="0"/>
  <testcase name="shouldReturnCorrectModifiedTimeWhenMarkedAsModified" classname="org.apache.storm.starter.tools.NthLastModifiedTimeTrackerTest" time="0.001"/>
  <testcase name="shouldReturnCorrectModifiedTimeWhenMarkedAsModified" classname="org.apache.storm.starter.tools.NthLastModifiedTimeTrackerTest" time="0"/>
  <testcase name="shouldReturnCorrectModifiedTimeWhenMarkedAsModified" classname="org.apache.storm.starter.tools.NthLastModifiedTimeTrackerTest" time="0"/>
  <testcase name="shouldReturnCorrectModifiedTimeWhenMarkedAsModified" classname="org.apache.storm.starter.tools.NthLastModifiedTimeTrackerTest" time="0.001"/>
  <testcase name="shouldReturnCorrectModifiedTimeWhenMarkedAsModified" classname="org.apache.storm.starter.tools.NthLastModifiedTimeTrackerTest" time="0"/>
  <testcase name="shouldReturnCorrectModifiedTimeWhenMarkedAsModified" classname="org.apache.storm.starter.tools.NthLastModifiedTimeTrackerTest" time="0"/>
  <testcase name="shouldReturnCorrectModifiedTimeWhenMarkedAsModified" classname="org.apache.storm.starter.tools.NthLastModifiedTimeTrackerTest" time="0.002"/>
  <testcase name="shouldReturnCorrectModifiedTimeWhenMarkedAsModified" classname="org.apache.storm.starter.tools.NthLastModifiedTimeTrackerTest" time="0.001"/>
  <testcase name="shouldReturnCorrectModifiedTimeWhenMarkedAsModified" classname="org.apache.storm.starter.tools.NthLastModifiedTimeTrackerTest" time="0"/>
  <testcase name="shouldReturnCorrectModifiedTimeWhenMarkedAsModified" classname="org.apache.storm.starter.tools.NthLastModifiedTimeTrackerTest" time="0"/>
  <testcase name="shouldReturnCorrectModifiedTimeWhenMarkedAsModified" classname="org.apache.storm.starter.tools.NthLastModifiedTimeTrackerTest" time="0"/>
  <testcase name="shouldReturnCorrectModifiedTimeWhenMarkedAsModified" classname="org.apache.storm.starter.tools.NthLastModifiedTimeTrackerTest" time="0.001"/>
  <testcase name="shouldReturnCorrectModifiedTimeWhenMarkedAsModified" classname="org.apache.storm.starter.tools.NthLastModifiedTimeTrackerTest" time="0"/>
  <testcase name="shouldReturnCorrectModifiedTimeWhenMarkedAsModified" classname="org.apache.storm.starter.tools.NthLastModifiedTimeTrackerTest" time="0"/>
</testsuite>